<?xml version="1.0" ?>
<coverage version="7.13.1" timestamp="1780224181695" lines-valid="25" lines-covered="17" line-rate="0.68" branches-covered="0" branches-valid="0" branch-rate="0" complexity="0">
	<!-- Generated by coverage.py: https://coverage.readthedocs.io/en/7.13.1 -->
	<!-- Based on https://raw.githubusercontent.com/cobertura/web/master/htdocs/xml/coverage-04.dtd -->
	<sources>
		<source>E:\5° SEMESTRE\ENG.SOFT ll\SINITIZADOR DE PROJETOS\src</source>
	</sources>
	<packages>
		<package name="python_pdm_template" line-rate="0.68" branch-rate="0" complexity="0">
			<classes>
				<class name="__init__.py" filename="python_pdm_template/__init__.py" complexity="0" line-rate="1" branch-rate="0">
					<methods/>
					<lines/>
				</class>
				<class name="__main__.py" filename="python_pdm_template/__main__.py" complexity="0" line-rate="0" branch-rate="0">
					<methods/>
					<lines>
						<line number="20" hits="0"/>
						<line number="23" hits="0"/>
						<line number="25" hits="0"/>
						<line number="26" hits="0"/>
						<line number="27" hits="0"/>
						<line number="28" hits="0"/>
						<line number="32" hits="0"/>
						<line number="33" hits="0"/>
					</lines>
				</class>
				<class name="base_sanitizador.py" filename="python_pdm_template/base_sanitizador.py" complexity="0" line-rate="1" branch-rate="0">
					<methods/>
					<lines>
						<line number="3" hits="1"/>
						<line number="6" hits="1"/>
						<line number="9" hits="1"/>
						<line number="10" hits="1"/>
					</lines>
				</class>
				<class name="estrategia_sanitizador.py" filename="python_pdm_template/estrategia_sanitizador.py" complexity="0" line-rate="1" branch-rate="0">
					<methods/>
					<lines>
						<line number="3" hits="1"/>
						<line number="4" hits="1"/>
						<line number="7" hits="1"/>
						<line number="10" hits="1"/>
						<line number="21" hits="1"/>
						<line number="24" hits="1"/>
						<line number="27" hits="1"/>
						<line number="28" hits="1"/>
						<line number="30" hits="1"/>
					</lines>
				</class>
				<class name="utils.py" filename="python_pdm_template/utils.py" complexity="0" line-rate="1" branch-rate="0">
					<methods/>
					<lines>
						<line number="10" hits="1"/>
						<line number="18" hits="1"/>
						<line number="21" hits="1"/>
						<line number="27" hits="1"/>
					</lines>
				</class>
			</classes>
		</package>
	</packages>
</coverage>
